{
  "RSpec": {
    "coverage": {
      "/Users/parkerboeing/2Mod/Projects/relational_project/config/environment.rb": {
        "lines": [
          null,
          1,
          null,
          null,
          1
        ]
      },
      "/Users/parkerboeing/2Mod/Projects/relational_project/config/application.rb": {
        "lines": [
          1,
          null,
          1,
          null,
          1,
          1,
          1,
          1,
          1,
          1,
          1,
          1,
          1,
          1,
          null,
          null,
          null,
          null,
          1,
          null,
          1,
          1,
          null,
          1,
          null,
          null,
          null,
          null,
          null,
          null,
          null,
          null,
          null,
          null,
          1,
          null,
          null
        ]
      },
      "/Users/parkerboeing/2Mod/Projects/relational_project/config/boot.rb": {
        "lines": [
          1,
          null,
          1,
          1
        ]
      },
      "/Users/parkerboeing/2Mod/Projects/relational_project/config/environments/test.rb": {
        "lines": [
          1,
          null,
          null,
          null,
          null,
          null,
          null,
          1,
          null,
          null,
          null,
          1,
          null,
          null,
          null,
          null,
          1,
          null,
          null,
          1,
          1,
          null,
          null,
          null,
          null,
          1,
          1,
          1,
          null,
          null,
          1,
          null,
          null,
          1,
          null,
          null,
          1,
          null,
          1,
          null,
          null,
          null,
          null,
          1,
          null,
          null,
          1,
          null,
          null,
          1,
          null,
          null,
          1,
          null,
          null,
          null,
          null,
          null,
          null,
          null
        ]
      },
      "/Users/parkerboeing/2Mod/Projects/relational_project/config/initializers/assets.rb": {
        "lines": [
          null,
          null,
          null,
          1,
          null,
          null,
          null,
          null,
          null,
          null,
          null,
          null
        ]
      },
      "/Users/parkerboeing/2Mod/Projects/relational_project/config/initializers/content_security_policy.rb": {
        "lines": [
          null,
          null,
          null,
          null,
          null,
          null,
          null,
          null,
          null,
          null,
          null,
          null,
          null,
          null,
          null,
          null,
          null,
          null,
          null,
          null,
          null,
          null,
          null,
          null,
          null
        ]
      },
      "/Users/parkerboeing/2Mod/Projects/relational_project/config/initializers/filter_parameter_logging.rb": {
        "lines": [
          null,
          null,
          null,
          null,
          null,
          1,
          null,
          null
        ]
      },
      "/Users/parkerboeing/2Mod/Projects/relational_project/config/initializers/inflections.rb": {
        "lines": [
          null,
          null,
          null,
          null,
          null,
          null,
          null,
          null,
          null,
          null,
          null,
          null,
          null,
          null,
          null,
          null
        ]
      },
      "/Users/parkerboeing/2Mod/Projects/relational_project/config/initializers/permissions_policy.rb": {
        "lines": [
          null,
          null,
          null,
          null,
          null,
          null,
          null,
          null,
          null,
          null,
          null
        ]
      },
      "/Users/parkerboeing/2Mod/Projects/relational_project/config/routes.rb": {
        "lines": [
          1,
          null,
          null,
          null,
          null,
          null,
          1,
          1,
          1,
          1,
          1,
          1,
          1,
          1,
          1,
          1,
          1,
          1,
          1,
          null
        ]
      },
      "/Users/parkerboeing/2Mod/Projects/relational_project/app/helpers/application_helper.rb": {
        "lines": [
          1,
          null
        ]
      },
      "/Users/parkerboeing/2Mod/Projects/relational_project/spec/features/routes/show_spec.rb": {
        "lines": [
          1,
          null,
          1,
          1,
          6,
          6,
          6,
          6,
          null,
          1,
          1,
          1,
          1,
          1,
          1,
          1,
          1,
          1,
          1,
          1,
          1,
          1,
          1,
          1,
          1,
          1,
          null,
          null,
          1,
          1,
          1,
          1,
          null,
          null,
          null,
          1,
          1,
          1,
          1,
          1,
          1,
          1,
          1,
          1,
          1,
          1,
          null,
          null,
          1,
          1,
          1,
          1,
          null,
          null,
          1,
          1,
          1,
          1,
          null,
          null,
          null,
          1,
          1,
          1,
          1,
          1,
          null,
          1,
          1,
          1,
          1,
          1,
          null,
          1,
          1,
          1,
          1,
          1,
          1,
          null,
          null,
          null
        ]
      },
      "/Users/parkerboeing/2Mod/Projects/relational_project/app/models/crag.rb": {
        "lines": [
          1,
          1,
          null,
          1,
          7,
          null,
          null
        ]
      },
      "/Users/parkerboeing/2Mod/Projects/relational_project/app/models/application_record.rb": {
        "lines": [
          1,
          1,
          null
        ]
      },
      "/Users/parkerboeing/2Mod/Projects/relational_project/app/models/route.rb": {
        "lines": [
          1,
          1,
          null
        ]
      },
      "/Users/parkerboeing/2Mod/Projects/relational_project/app/controllers/crags_controller.rb": {
        "lines": [
          1,
          1,
          10,
          null,
          null,
          1,
          7,
          null,
          null,
          1,
          null,
          null,
          1,
          1,
          1,
          1,
          null,
          null,
          1,
          1,
          1,
          1,
          null,
          null,
          1,
          1,
          null,
          null,
          1,
          1,
          1,
          null,
          null,
          null,
          null,
          1,
          1,
          null,
          null
        ]
      },
      "/Users/parkerboeing/2Mod/Projects/relational_project/app/controllers/application_controller.rb": {
        "lines": [
          1,
          null
        ]
      },
      "/Users/parkerboeing/2Mod/Projects/relational_project/app/controllers/routes_controller.rb": {
        "lines": [
          1,
          1,
          6,
          null,
          null,
          1,
          5,
          null,
          null,
          1,
          1,
          null,
          null,
          1,
          1,
          1,
          null,
          null,
          null,
          null,
          1,
          1,
          null,
          null
        ]
      },
      "/Users/parkerboeing/2Mod/Projects/relational_project/app/controllers/crag_routes_controller.rb": {
        "lines": [
          1,
          1,
          6,
          6,
          null,
          null,
          1,
          2,
          2,
          null,
          null,
          1,
          1,
          1,
          null,
          null,
          null,
          null,
          1,
          1,
          null,
          null
        ]
      }
    },
    "timestamp": 1688962751
  }
}
